<?xml version="1.0" encoding="UTF-8"?>
<coverage generated="1780340542575" clover="3.2.0">
  <project timestamp="1780340542576" name="All files">
    <metrics statements="49" coveredstatements="35" conditionals="10" coveredconditionals="6" methods="7" coveredmethods="5" elements="66" coveredelements="46" complexity="0" loc="49" ncloc="49" packages="5" files="5" classes="5"/>
    <package name="CrudMongoNodeExpress">
      <metrics statements="11" coveredstatements="6" conditionals="4" coveredconditionals="2" methods="1" coveredmethods="0"/>
      <file name="app.js" path="C:\Users\TATA\Documents\CESAR-PRUEBAS\TRABAJOS DE PRUEBAS\CrudMongoNodeExpress\app.js">
        <metrics statements="11" coveredstatements="6" conditionals="4" coveredconditionals="2" methods="1" coveredmethods="0"/>
        <line num="7" count="1" type="stmt"/>
        <line num="8" count="1" type="stmt"/>
        <line num="9" count="1" type="stmt"/>
        <line num="10" count="1" type="stmt"/>
        <line num="12" count="1" type="cond" truecount="1" falsecount="1"/>
        <line num="14" count="1" type="cond" truecount="1" falsecount="1"/>
        <line num="15" count="0" type="stmt"/>
        <line num="16" count="0" type="stmt"/>
        <line num="17" count="0" type="stmt"/>
        <line num="19" count="0" type="stmt"/>
        <line num="20" count="0" type="stmt"/>
      </file>
    </package>
    <package name="CrudMongoNodeExpress.config">
      <metrics statements="3" coveredstatements="1" conditionals="0" coveredconditionals="0" methods="1" coveredmethods="0"/>
      <file name="db.js" path="C:\Users\TATA\Documents\CESAR-PRUEBAS\TRABAJOS DE PRUEBAS\CrudMongoNodeExpress\config\db.js">
        <metrics statements="3" coveredstatements="1" conditionals="0" coveredconditionals="0" methods="1" coveredmethods="0"/>
        <line num="5" count="1" type="stmt"/>
        <line num="6" count="0" type="stmt"/>
        <line num="11" count="0" type="stmt"/>
      </file>
    </package>
    <package name="CrudMongoNodeExpress.controllers">
      <metrics statements="28" coveredstatements="21" conditionals="6" coveredconditionals="4" methods="5" coveredmethods="5"/>
      <file name="producto.js" path="C:\Users\TATA\Documents\CESAR-PRUEBAS\TRABAJOS DE PRUEBAS\CrudMongoNodeExpress\controllers\producto.js">
        <metrics statements="28" coveredstatements="21" conditionals="6" coveredconditionals="4" methods="5" coveredmethods="5"/>
        <line num="4" count="1" type="stmt"/>
        <line num="5" count="1" type="stmt"/>
        <line num="6" count="1" type="stmt"/>
        <line num="7" count="1" type="stmt"/>
        <line num="8" count="1" type="stmt"/>
        <line num="10" count="0" type="stmt"/>
        <line num="14" count="1" type="stmt"/>
        <line num="15" count="1" type="stmt"/>
        <line num="16" count="1" type="stmt"/>
        <line num="18" count="0" type="stmt"/>
        <line num="23" count="2" type="stmt"/>
        <line num="24" count="2" type="stmt"/>
        <line num="25" count="2" type="cond" truecount="2" falsecount="0"/>
        <line num="26" count="1" type="stmt"/>
        <line num="28" count="1" type="stmt"/>
        <line num="30" count="0" type="stmt"/>
        <line num="35" count="1" type="stmt"/>
        <line num="36" count="1" type="stmt"/>
        <line num="37" count="1" type="cond" truecount="1" falsecount="1"/>
        <line num="38" count="0" type="stmt"/>
        <line num="40" count="1" type="stmt"/>
        <line num="42" count="0" type="stmt"/>
        <line num="47" count="1" type="stmt"/>
        <line num="48" count="1" type="stmt"/>
        <line num="51" count="1" type="cond" truecount="1" falsecount="1"/>
        <line num="52" count="0" type="stmt"/>
        <line num="54" count="1" type="stmt"/>
        <line num="56" count="0" type="stmt"/>
      </file>
    </package>
    <package name="CrudMongoNodeExpress.models">
      <metrics statements="1" coveredstatements="1" conditionals="0" coveredconditionals="0" methods="0" coveredmethods="0"/>
      <file name="producto.js" path="C:\Users\TATA\Documents\CESAR-PRUEBAS\TRABAJOS DE PRUEBAS\CrudMongoNodeExpress\models\producto.js">
        <metrics statements="1" coveredstatements="1" conditionals="0" coveredconditionals="0" methods="0" coveredmethods="0"/>
        <line num="3" count="1" type="stmt"/>
      </file>
    </package>
    <package name="CrudMongoNodeExpress.routes">
      <metrics statements="6" coveredstatements="6" conditionals="0" coveredconditionals="0" methods="0" coveredmethods="0"/>
      <file name="producto.js" path="C:\Users\TATA\Documents\CESAR-PRUEBAS\TRABAJOS DE PRUEBAS\CrudMongoNodeExpress\routes\producto.js">
        <metrics statements="6" coveredstatements="6" conditionals="0" coveredconditionals="0" methods="0" coveredmethods="0"/>
        <line num="2" count="1" type="stmt"/>
        <line num="5" count="1" type="stmt"/>
        <line num="7" count="1" type="stmt"/>
        <line num="9" count="1" type="stmt"/>
        <line num="11" count="1" type="stmt"/>
        <line num="13" count="1" type="stmt"/>
      </file>
    </package>
  </project>
</coverage>
