{"C:\\Users\\TATA\\Documents\\CESAR-PRUEBAS\\TRABAJOS DE PRUEBAS\\CrudMongoNodeExpress\\app.js": {"path":"C:\\Users\\TATA\\Documents\\CESAR-PRUEBAS\\TRABAJOS DE PRUEBAS\\CrudMongoNodeExpress\\app.js","statementMap":{"0":{"start":{"line":7,"column":12},"end":{"line":7,"column":21}},"1":{"start":{"line":8,"column":0},"end":{"line":8,"column":15}},"2":{"start":{"line":9,"column":0},"end":{"line":9,"column":15}},"3":{"start":{"line":10,"column":0},"end":{"line":10,"column":33}},"4":{"start":{"line":12,"column":13},"end":{"line":12,"column":37}},"5":{"start":{"line":14,"column":0},"end":{"line":22,"column":1}},"6":{"start":{"line":15,"column":2},"end":{"line":21,"column":3}},"7":{"start":{"line":16,"column":4},"end":{"line":16,"column":22}},"8":{"start":{"line":17,"column":4},"end":{"line":17,"column":69}},"9":{"start":{"line":17,"column":27},"end":{"line":17,"column":68}},"10":{"start":{"line":19,"column":4},"end":{"line":19,"column":66}},"11":{"start":{"line":20,"column":4},"end":{"line":20,"column":19}}},"fnMap":{"0":{"name":"(anonymous_0)","decl":{"start":{"line":17,"column":21},"end":{"line":17,"column":22}},"loc":{"start":{"line":17,"column":27},"end":{"line":17,"column":68}},"line":17}},"branchMap":{"0":{"loc":{"start":{"line":12,"column":13},"end":{"line":12,"column":37}},"type":"binary-expr","locations":[{"start":{"line":12,"column":13},"end":{"line":12,"column":29}},{"start":{"line":12,"column":33},"end":{"line":12,"column":37}}],"line":12},"1":{"loc":{"start":{"line":14,"column":0},"end":{"line":22,"column":1}},"type":"if","locations":[{"start":{"line":14,"column":0},"end":{"line":22,"column":1}},{"start":{},"end":{}}],"line":14}},"s":{"0":1,"1":1,"2":1,"3":1,"4":1,"5":1,"6":0,"7":0,"8":0,"9":0,"10":0,"11":0},"f":{"0":0},"b":{"0":[1,0],"1":[0,1]},"inputSourceMap":null,"_coverageSchema":"1a1c01bbd47fc00a2c39e90264f33305004495a9","hash":"bacacedd666dd6684f24341146769dd978869fee"}
,"C:\\Users\\TATA\\Documents\\CESAR-PRUEBAS\\TRABAJOS DE PRUEBAS\\CrudMongoNodeExpress\\config\\db.js": {"path":"C:\\Users\\TATA\\Documents\\CESAR-PRUEBAS\\TRABAJOS DE PRUEBAS\\CrudMongoNodeExpress\\config\\db.js","statementMap":{"0":{"start":{"line":5,"column":19},"end":{"line":12,"column":1}},"1":{"start":{"line":6,"column":4},"end":{"line":10,"column":6}},"2":{"start":{"line":11,"column":4},"end":{"line":11,"column":36}}},"fnMap":{"0":{"name":"(anonymous_0)","decl":{"start":{"line":5,"column":19},"end":{"line":5,"column":20}},"loc":{"start":{"line":5,"column":31},"end":{"line":12,"column":1}},"line":5}},"branchMap":{},"s":{"0":1,"1":0,"2":0},"f":{"0":0},"b":{},"inputSourceMap":null,"_coverageSchema":"1a1c01bbd47fc00a2c39e90264f33305004495a9","hash":"10443777a35f294669003ea98337dfe1d15f975f"}
,"C:\\Users\\TATA\\Documents\\CESAR-PRUEBAS\\TRABAJOS DE PRUEBAS\\CrudMongoNodeExpress\\controllers\\producto.js": {"path":"C:\\Users\\TATA\\Documents\\CESAR-PRUEBAS\\TRABAJOS DE PRUEBAS\\CrudMongoNodeExpress\\controllers\\producto.js","statementMap":{"0":{"start":{"line":4,"column":3},"end":{"line":11,"column":6}},"1":{"start":{"line":5,"column":29},"end":{"line":5,"column":51}},"2":{"start":{"line":6,"column":32},"end":{"line":6,"column":58}},"3":{"start":{"line":7,"column":7},"end":{"line":7,"column":33}},"4":{"start":{"line":8,"column":7},"end":{"line":8,"column":45}},"5":{"start":{"line":10,"column":7},"end":{"line":10,"column":51}},"6":{"start":{"line":14,"column":4},"end":{"line":19,"column":7}},"7":{"start":{"line":15,"column":26},"end":{"line":15,"column":54}},"8":{"start":{"line":16,"column":8},"end":{"line":16,"column":27}},"9":{"start":{"line":18,"column":8},"end":{"line":18,"column":52}},"10":{"start":{"line":23,"column":3},"end":{"line":31,"column":5}},"11":{"start":{"line":24,"column":24},"end":{"line":24,"column":69}},"12":{"start":{"line":25,"column":7},"end":{"line":27,"column":8}},"13":{"start":{"line":26,"column":8},"end":{"line":26,"column":72}},"14":{"start":{"line":28,"column":7},"end":{"line":28,"column":25}},"15":{"start":{"line":30,"column":7},"end":{"line":30,"column":51}},"16":{"start":{"line":35,"column":4},"end":{"line":43,"column":5}},"17":{"start":{"line":36,"column":34},"end":{"line":36,"column":81}},"18":{"start":{"line":37,"column":8},"end":{"line":39,"column":9}},"19":{"start":{"line":38,"column":12},"end":{"line":38,"column":76}},"20":{"start":{"line":40,"column":8},"end":{"line":40,"column":51}},"21":{"start":{"line":42,"column":8},"end":{"line":42,"column":52}},"22":{"start":{"line":47,"column":4},"end":{"line":57,"column":5}},"23":{"start":{"line":48,"column":36},"end":{"line":50,"column":13}},"24":{"start":{"line":51,"column":8},"end":{"line":53,"column":9}},"25":{"start":{"line":52,"column":12},"end":{"line":52,"column":76}},"26":{"start":{"line":54,"column":8},"end":{"line":54,"column":83}},"27":{"start":{"line":56,"column":8},"end":{"line":56,"column":53}}},"fnMap":{"0":{"name":"crearProducto","decl":{"start":{"line":3,"column":22},"end":{"line":3,"column":35}},"loc":{"start":{"line":3,"column":44},"end":{"line":12,"column":1}},"line":3},"1":{"name":"obtenerProductos","decl":{"start":{"line":13,"column":22},"end":{"line":13,"column":38}},"loc":{"start":{"line":13,"column":47},"end":{"line":20,"column":2}},"line":13},"2":{"name":"obtenerProducto","decl":{"start":{"line":22,"column":22},"end":{"line":22,"column":37}},"loc":{"start":{"line":22,"column":46},"end":{"line":32,"column":2}},"line":22},"3":{"name":"eliminarProducto","decl":{"start":{"line":34,"column":24},"end":{"line":34,"column":40}},"loc":{"start":{"line":34,"column":49},"end":{"line":44,"column":2}},"line":34},"4":{"name":"actualizarProducto","decl":{"start":{"line":46,"column":24},"end":{"line":46,"column":42}},"loc":{"start":{"line":46,"column":51},"end":{"line":58,"column":2}},"line":46}},"branchMap":{"0":{"loc":{"start":{"line":25,"column":7},"end":{"line":27,"column":8}},"type":"if","locations":[{"start":{"line":25,"column":7},"end":{"line":27,"column":8}},{"start":{},"end":{}}],"line":25},"1":{"loc":{"start":{"line":37,"column":8},"end":{"line":39,"column":9}},"type":"if","locations":[{"start":{"line":37,"column":8},"end":{"line":39,"column":9}},{"start":{},"end":{}}],"line":37},"2":{"loc":{"start":{"line":51,"column":8},"end":{"line":53,"column":9}},"type":"if","locations":[{"start":{"line":51,"column":8},"end":{"line":53,"column":9}},{"start":{},"end":{}}],"line":51}},"s":{"0":1,"1":1,"2":1,"3":1,"4":1,"5":0,"6":1,"7":1,"8":1,"9":0,"10":2,"11":2,"12":2,"13":1,"14":1,"15":0,"16":1,"17":1,"18":1,"19":0,"20":1,"21":0,"22":1,"23":1,"24":1,"25":0,"26":1,"27":0},"f":{"0":1,"1":1,"2":2,"3":1,"4":1},"b":{"0":[1,1],"1":[0,1],"2":[0,1]},"inputSourceMap":null,"_coverageSchema":"1a1c01bbd47fc00a2c39e90264f33305004495a9","hash":"553341c98569872303a98a80b57fed1dc4a87cfd"}
,"C:\\Users\\TATA\\Documents\\CESAR-PRUEBAS\\TRABAJOS DE PRUEBAS\\CrudMongoNodeExpress\\models\\producto.js": {"path":"C:\\Users\\TATA\\Documents\\CESAR-PRUEBAS\\TRABAJOS DE PRUEBAS\\CrudMongoNodeExpress\\models\\producto.js","statementMap":{"0":{"start":{"line":3,"column":23},"end":{"line":10,"column":2}}},"fnMap":{},"branchMap":{},"s":{"0":1},"f":{},"b":{},"inputSourceMap":null,"_coverageSchema":"1a1c01bbd47fc00a2c39e90264f33305004495a9","hash":"61b6dfb66efe6e98ff83c3526e3d60168a00f4fa"}
,"C:\\Users\\TATA\\Documents\\CESAR-PRUEBAS\\TRABAJOS DE PRUEBAS\\CrudMongoNodeExpress\\routes\\producto.js": {"path":"C:\\Users\\TATA\\Documents\\CESAR-PRUEBAS\\TRABAJOS DE PRUEBAS\\CrudMongoNodeExpress\\routes\\producto.js","statementMap":{"0":{"start":{"line":2,"column":15},"end":{"line":2,"column":23}},"1":{"start":{"line":5,"column":0},"end":{"line":5,"column":40}},"2":{"start":{"line":7,"column":0},"end":{"line":7,"column":42}},"3":{"start":{"line":9,"column":0},"end":{"line":9,"column":44}},"4":{"start":{"line":11,"column":0},"end":{"line":11,"column":47}},"5":{"start":{"line":13,"column":0},"end":{"line":13,"column":48}}},"fnMap":{},"branchMap":{},"s":{"0":1,"1":1,"2":1,"3":1,"4":1,"5":1},"f":{},"b":{},"inputSourceMap":null,"_coverageSchema":"1a1c01bbd47fc00a2c39e90264f33305004495a9","hash":"734450499dfa16861ec6a160b4bf0e4085379652"}
}
