TN:
SF:app.js
FN:17,(anonymous_0)
FNF:1
FNH:0
FNDA:0,(anonymous_0)
DA:7,1
DA:8,1
DA:9,1
DA:10,1
DA:12,1
DA:14,1
DA:15,0
DA:16,0
DA:17,0
DA:19,0
DA:20,0
LF:11
LH:6
BRDA:12,0,0,1
BRDA:12,0,1,0
BRDA:14,1,0,0
BRDA:14,1,1,1
BRF:4
BRH:2
end_of_record
TN:
SF:config\db.js
FN:5,(anonymous_0)
FNF:1
FNH:0
FNDA:0,(anonymous_0)
DA:5,1
DA:6,0
DA:11,0
LF:3
LH:1
BRF:0
BRH:0
end_of_record
TN:
SF:controllers\producto.js
FN:3,crearProducto
FN:13,obtenerProductos
FN:22,obtenerProducto
FN:34,eliminarProducto
FN:46,actualizarProducto
FNF:5
FNH:5
FNDA:1,crearProducto
FNDA:1,obtenerProductos
FNDA:2,obtenerProducto
FNDA:1,eliminarProducto
FNDA:1,actualizarProducto
DA:4,1
DA:5,1
DA:6,1
DA:7,1
DA:8,1
DA:10,0
DA:14,1
DA:15,1
DA:16,1
DA:18,0
DA:23,2
DA:24,2
DA:25,2
DA:26,1
DA:28,1
DA:30,0
DA:35,1
DA:36,1
DA:37,1
DA:38,0
DA:40,1
DA:42,0
DA:47,1
DA:48,1
DA:51,1
DA:52,0
DA:54,1
DA:56,0
LF:28
LH:21
BRDA:25,0,0,1
BRDA:25,0,1,1
BRDA:37,1,0,0
BRDA:37,1,1,1
BRDA:51,2,0,0
BRDA:51,2,1,1
BRF:6
BRH:4
end_of_record
TN:
SF:models\producto.js
FNF:0
FNH:0
DA:3,1
LF:1
LH:1
BRF:0
BRH:0
end_of_record
TN:
SF:routes\producto.js
FNF:0
FNH:0
DA:2,1
DA:5,1
DA:7,1
DA:9,1
DA:11,1
DA:13,1
LF:6
LH:6
BRF:0
BRH:0
end_of_record
